<?xml version="1.0" encoding="UTF-8"?>
<testng-results ignored="0" total="1" passed="1" failed="0" skipped="0">
  <reporter-output>
  </reporter-output>
  <suite started-at="2018-08-31T10:54:14Z" name="Suite" finished-at="2018-08-31T10:54:27Z" duration-ms="13826">
    <groups>
    </groups>
    <test started-at="2018-08-31T10:54:14Z" name="Test" finished-at="2018-08-31T10:54:27Z" duration-ms="13826">
      <class name="guru99.gittest.AppTest">
        <test-method is-config="true" signature="beforeTest()[pri:0, instance:guru99.gittest.AppTest@74ea2410]" started-at="2018-08-31T10:54:14Z" name="beforeTest" finished-at="2018-08-31T10:54:20Z" duration-ms="6286" status="PASS">
          <reporter-output>
          </reporter-output>
        </test-method> <!-- beforeTest -->
        <test-method signature="guru99Tutorials()[pri:0, instance:guru99.gittest.AppTest@74ea2410]" started-at="2018-08-31T10:54:20Z" name="guru99Tutorials" finished-at="2018-08-31T10:54:26Z" duration-ms="6324" status="PASS">
          <reporter-output>
          </reporter-output>
        </test-method> <!-- guru99Tutorials -->
        <test-method is-config="true" signature="afterTest()[pri:0, instance:guru99.gittest.AppTest@74ea2410]" started-at="2018-08-31T10:54:26Z" name="afterTest" finished-at="2018-08-31T10:54:27Z" duration-ms="1151" status="PASS">
          <reporter-output>
          </reporter-output>
        </test-method> <!-- afterTest -->
      </class> <!-- guru99.gittest.AppTest -->
    </test> <!-- Test -->
  </suite> <!-- Suite -->
</testng-results>
